#
# A fatal error has been detected by the Java Runtime Environment:
#
#  SIGSEGV (0xb) at pc=0x0000000102e462c8, pid=850, tid=16899
#
# JRE version: Java(TM) SE Runtime Environment (8.0_77-b03) (build 1.8.0_77-b03)
# Java VM: Java HotSpot(TM) 64-Bit Server VM (25.77-b03 mixed mode bsd-amd64 compressed oops)
# Problematic frame:
# V  [libjvm.dylib+0x4462c8]  Method::checked_resolve_jmethod_id(_jmethodID*)+0xe
#
# Failed to write core dump. Core dumps have been disabled. To enable core dumping, try "ulimit -c unlimited" before starting Java again
#
# If you would like to submit a bug report, please visit:
#   http://bugreport.java.com/bugreport/crash.jsp
#

---------------  T H R E A D  ---------------

Current thread (0x00007fcfea012000):  JavaThread "JDWP Transport Listener: dt_socket" daemon [_thread_in_vm, id=16899, stack(0x0000700000b3b000,0x0000700000c3b000)]

siginfo: si_signo: 11 (SIGSEGV), si_code: 1 (SEGV_MAPERR), si_addr: 0x0000000000000052

Registers:
RAX=0x0000000000000001, RBX=0x0000700000c3aa8b, RCX=0x0000000103215340, RDX=0x0000700000c3aa8b
RSP=0x0000700000c3a9d0, RBP=0x0000700000c3a9e0, RSI=0x00007fcfea012000, RDI=0x0000000000000052
R8 =0x0000000000000001, R9 =0x0000000000000000, R10=0x0000000000000002, R11=0x00007fcfe8500000
R12=0x00007fcfea012000, R13=0x0000000000000052, R14=0x0000000000000052, R15=0x00007fcfe840bea0
RIP=0x0000000102e462c8, EFLAGS=0x0000000000010202, ERR=0x0000000000000004
  TRAPNO=0x000000000000000e

Top of Stack: (sp=0x0000700000c3a9d0)
0x0000700000c3a9d0:   0000700000c3aa8b 0000700000c3aa8b
0x0000700000c3a9e0:   0000700000c3aa40 0000000102d552fe
0x0000700000c3a9f0:   00007fcfea012000 0000000000000000
0x0000700000c3aa00:   0000000000000000 0000000000000000
0x0000700000c3aa10:   00007fcfea012000 00007fcfea012000
0x0000700000c3aa20:   0000700000c3aa8b 0000700000c3aa90
0x0000700000c3aa30:   0000000000000052 0000000000000004
0x0000700000c3aa40:   0000700000c3aa60 000000010212b780
0x0000700000c3aa50:   0000000000000001 0000700000c3ab08
0x0000700000c3aa60:   0000700000c3aad0 00000001021101f3
0x0000700000c3aa70:   0000700000c3aaa0 00007fcfe85168c0
0x0000700000c3aa80:   0000000500000032 0000000100c3ab08
0x0000700000c3aa90:   0000000000000000 0000000000000000
0x0000700000c3aaa0:   0000000000000000 0000700000c3ac90
0x0000700000c3aab0:   0000000102132e7a 00007fcfe8516840
0x0000700000c3aac0:   0000700000c3ab08 000000010213e598
0x0000700000c3aad0:   0000700000c3aae0 00000001021102ec
0x0000700000c3aae0:   0000700000c3ad00 0000000102119898
0x0000700000c3aaf0:   0000263000000013 00000000000f0200
0x0000700000c3ab00:   00007fcfe8516860 00007fcfe852c341
0x0000700000c3ab10:   00007fcf00000257 00007fcfe852c5a0
0x0000700000c3ab20:   000000000000012c 0000700000c3ab58
0x0000700000c3ab30:   00007fcfe852c5a0 0000000000000000
0x0000700000c3ab40:   0000263000000014 00007fff00007c80
0x0000700000c3ab50:   0000700000c3ab58 cf7f000005000000
0x0000700000c3ab60:   08000000c0c252e8 30246164626d616c
0x0000700000c3ab70:   65524c2818000000 726f64616c636963
0x0000700000c3ab80:   746e656d656c452f 0000000056293b6f
0x0000700000c3ab90:   cf7f00000a1000f0 0f000000581164e8
0x0000700000c3aba0:   4572616765726761 006f746e656d656c
0x0000700000c3abb0:   6365524c28180000 2f726f64616c6369
0x0000700000c3abc0:   6f746e656d656c45 000000000056293b 

Instructions: (pc=0x0000000102e462c8)
0x0000000102e462a8:   40 48 48 85 c0 75 e0 30 c0 0f b6 c0 5d c3 31 c0
0x0000000102e462b8:   5d c3 55 48 89 e5 53 48 83 ec 08 48 85 ff 74 24
0x0000000102e462c8:   48 8b 1f 48 85 db 74 1c 48 83 fb 37 74 16 48 8b
0x0000000102e462d8:   03 48 89 df ff 50 10 84 c0 b8 00 00 00 00 48 0f 

Register to memory mapping:

RAX=0x0000000000000001 is an unknown value
RBX=0x0000700000c3aa8b is pointing into the stack for thread: 0x00007fcfea012000
RCX=0x0000000103215340: UseMembar+0 in /Library/Java/JavaVirtualMachines/jdk1.8.0_77.jdk/Contents/Home/jre/lib/server/libjvm.dylib at 0x0000000102a00000
RDX=0x0000700000c3aa8b is pointing into the stack for thread: 0x00007fcfea012000
RSP=0x0000700000c3a9d0 is pointing into the stack for thread: 0x00007fcfea012000
RBP=0x0000700000c3a9e0 is pointing into the stack for thread: 0x00007fcfea012000
RSI=0x00007fcfea012000 is a thread
RDI=0x0000000000000052 is an unknown value
R8 =0x0000000000000001 is an unknown value
R9 =0x0000000000000000 is an unknown value
R10=0x0000000000000002 is an unknown value
R11=0x00007fcfe8500000 is an unknown value
R12=0x00007fcfea012000 is a thread
R13=0x0000000000000052 is an unknown value
R14=0x0000000000000052 is an unknown value
R15=0x00007fcfe840bea0 is an unknown value


Stack: [0x0000700000b3b000,0x0000700000c3b000],  sp=0x0000700000c3a9d0,  free space=1022k
Native frames: (J=compiled Java code, j=interpreted, Vv=VM code, C=native code)
V  [libjvm.dylib+0x4462c8]  Method::checked_resolve_jmethod_id(_jmethodID*)+0xe
V  [libjvm.dylib+0x3552fe]  jvmti_IsMethodSynthetic+0xb2
C  [libjdwp.dylib+0x20780]  isMethodSynthetic+0x63
C  [libjdwp.dylib+0x51f3]  methods1+0x10b
C  [libjdwp.dylib+0x52ec]  methodsWithGeneric+0xe
C  [libjdwp.dylib+0xe898]  debugLoop_run+0x1ce
C  [libjdwp.dylib+0x1f6ba]  attachThread+0x4d
V  [libjvm.dylib+0x39665c]  JvmtiAgentThread::call_start_function()+0x38
V  [libjvm.dylib+0x560e03]  JavaThread::thread_main_inner()+0x9b
V  [libjvm.dylib+0x5624fe]  JavaThread::run()+0x1c2
V  [libjvm.dylib+0x482eda]  java_start(Thread*)+0xf6
C  [libsystem_pthread.dylib+0x399d]  _pthread_body+0x83
C  [libsystem_pthread.dylib+0x391a]  _pthread_body+0x0
C  [libsystem_pthread.dylib+0x1351]  thread_start+0xd
C  0x0000000000000000


---------------  P R O C E S S  ---------------

Java Threads: ( => current thread )
  0x00007fcfe8878000 JavaThread "ReaderThread" [_thread_in_native, id=20995, stack(0x0000700001353000,0x0000700001453000)]
  0x00007fcfe9005000 JavaThread "Service Thread" daemon [_thread_blocked, id=19971, stack(0x000070000114d000,0x000070000124d000)]
  0x00007fcfe903d800 JavaThread "C1 CompilerThread2" daemon [_thread_blocked, id=19459, stack(0x000070000104a000,0x000070000114a000)]
  0x00007fcfea060000 JavaThread "C2 CompilerThread1" daemon [_thread_blocked, id=18947, stack(0x0000700000f47000,0x0000700001047000)]
  0x00007fcfea014000 JavaThread "C2 CompilerThread0" daemon [_thread_blocked, id=18435, stack(0x0000700000e44000,0x0000700000f44000)]
  0x00007fcfea013800 JavaThread "JDWP Command Reader" daemon [_thread_in_native, id=17923, stack(0x0000700000d41000,0x0000700000e41000)]
  0x00007fcfea012800 JavaThread "JDWP Event Helper Thread" daemon [_thread_blocked, id=17411, stack(0x0000700000c3e000,0x0000700000d3e000)]
=>0x00007fcfea012000 JavaThread "JDWP Transport Listener: dt_socket" daemon [_thread_in_vm, id=16899, stack(0x0000700000b3b000,0x0000700000c3b000)]
  0x00007fcfea011000 JavaThread "Signal Dispatcher" daemon [_thread_blocked, id=14095, stack(0x0000700000a38000,0x0000700000b38000)]
  0x00007fcfea00e000 JavaThread "Finalizer" daemon [_thread_blocked, id=12291, stack(0x000070000082f000,0x000070000092f000)]
  0x00007fcfea00b800 JavaThread "Reference Handler" daemon [_thread_blocked, id=11779, stack(0x000070000072c000,0x000070000082c000)]
  0x00007fcfe8806000 JavaThread "main" [_thread_blocked, id=5891, stack(0x000070000011a000,0x000070000021a000)]

Other Threads:
  0x00007fcfe9027000 VMThread [stack: 0x0000700000629000,0x0000700000729000] [id=11267]
  0x00007fcfe8831800 WatcherThread [stack: 0x0000700001250000,0x0000700001350000] [id=20483]

VM state:not at safepoint (normal execution)

VM Mutex/Monitor currently owned by a thread: None

Heap:
 PSYoungGen      total 38400K, used 7323K [0x0000000795580000, 0x0000000798000000, 0x00000007c0000000)
  eden space 33280K, 22% used [0x0000000795580000,0x0000000795ca6c00,0x0000000797600000)
  from space 5120K, 0% used [0x0000000797b00000,0x0000000797b00000,0x0000000798000000)
  to   space 5120K, 0% used [0x0000000797600000,0x0000000797600000,0x0000000797b00000)
 ParOldGen       total 87552K, used 0K [0x0000000740000000, 0x0000000745580000, 0x0000000795580000)
  object space 87552K, 0% used [0x0000000740000000,0x0000000740000000,0x0000000745580000)
 Metaspace       used 6190K, capacity 6358K, committed 6400K, reserved 1056768K
  class space    used 697K, capacity 757K, committed 768K, reserved 1048576K

Card table byte_map: [0x0000000112d4f000,0x0000000113150000] byte_map_base: 0x000000010f34f000

Marking Bits: (ParMarkBitMap*) 0x00000001032e3ea0
 Begin Bits: [0x00000001133fb000, 0x00000001153fb000)
 End Bits:   [0x00000001153fb000, 0x00000001173fb000)

Polling page: 0x000000010210a000

CodeCache: size=245760Kb used=1845Kb max_used=1858Kb free=243914Kb
 bounds [0x000000010398f000, 0x0000000103bff000, 0x000000011298f000]
 total_blobs=582 nmethods=299 adapters=205
 compilation: enabled

Compilation events (10 events):
Event: 0.365 Thread 0x00007fcfe903d800 nmethod 295 0x0000000103b59390 code [0x0000000103b59560, 0x0000000103b59b98]
Event: 0.365 Thread 0x00007fcfe903d800  297       3       java.lang.String::lastIndexOf (151 bytes)
Event: 0.366 Thread 0x00007fcfe903d800 nmethod 297 0x0000000103b59e50 code [0x0000000103b5a000, 0x0000000103b5a570]
Event: 0.366 Thread 0x00007fcfe903d800  296  s!   3       java.net.URLStreamHandler::getHostAddress (54 bytes)
Event: 0.366 Thread 0x00007fcfea060000  298       4       java.util.Arrays::copyOfRange (63 bytes)
Event: 0.366 Thread 0x00007fcfe903d800 nmethod 296 0x0000000103b5aa50 code [0x0000000103b5ac00, 0x0000000103b5b3f8]
Event: 0.366 Thread 0x00007fcfe903d800  299       3       java.util.Vector::ensureCapacityHelper (16 bytes)
Event: 0.367 Thread 0x00007fcfe903d800 nmethod 299 0x0000000103b5b750 code [0x0000000103b5b8c0, 0x0000000103b5baa8]
Event: 0.369 Thread 0x00007fcfea060000 nmethod 298 0x0000000103b5e990 code [0x0000000103b5eae0, 0x0000000103b5ecf8]
Event: 0.375 Thread 0x00007fcfea014000 nmethod 291 0x0000000103b5cc50 code [0x0000000103b5cdc0, 0x0000000103b5d2d8]

GC Heap History (0 events):
No events

Deoptimization events (0 events):
No events

Internal exceptions (6 events):
Event: 0.033 Thread 0x00007fcfe8806000 Exception <a 'java/lang/NoSuchMethodError': Method sun.misc.Unsafe.defineClass(Ljava/lang/String;[BII)Ljava/lang/Class; name or signature does not match> (0x0000000795587cc0) thrown at [/Users/java_re/workspace/8-2-build-macosx-x86_64/jdk8u77/6540/hotspot
Event: 0.033 Thread 0x00007fcfe8806000 Exception <a 'java/lang/NoSuchMethodError': Method sun.misc.Unsafe.prefetchRead(Ljava/lang/Object;J)V name or signature does not match> (0x0000000795587fa8) thrown at [/Users/java_re/workspace/8-2-build-macosx-x86_64/jdk8u77/6540/hotspot/src/share/vm/prim
Event: 0.332 Thread 0x00007fcfe8806000 Exception <a 'java/security/PrivilegedActionException'> (0x0000000795b72dd8) thrown at [/Users/java_re/workspace/8-2-build-macosx-x86_64/jdk8u77/6540/hotspot/src/share/vm/prims/jvm.cpp, line 1386]
Event: 0.332 Thread 0x00007fcfe8806000 Exception <a 'java/security/PrivilegedActionException'> (0x0000000795b731d0) thrown at [/Users/java_re/workspace/8-2-build-macosx-x86_64/jdk8u77/6540/hotspot/src/share/vm/prims/jvm.cpp, line 1386]
Event: 0.333 Thread 0x00007fcfe8806000 Exception <a 'java/security/PrivilegedActionException'> (0x0000000795b76840) thrown at [/Users/java_re/workspace/8-2-build-macosx-x86_64/jdk8u77/6540/hotspot/src/share/vm/prims/jvm.cpp, line 1386]
Event: 0.333 Thread 0x00007fcfe8806000 Exception <a 'java/security/PrivilegedActionException'> (0x0000000795b76c38) thrown at [/Users/java_re/workspace/8-2-build-macosx-x86_64/jdk8u77/6540/hotspot/src/share/vm/prims/jvm.cpp, line 1386]

Events (10 events):
Event: 288.514 Executing VM operation: GetOrSetLocal
Event: 288.514 Executing VM operation: GetOrSetLocal done
Event: 289.324 Executing VM operation: EnterInterpOnlyMode
Event: 289.324 Executing VM operation: EnterInterpOnlyMode done
Event: 289.324 Executing VM operation: GetCurrentLocation
Event: 289.324 Executing VM operation: GetCurrentLocation done
Event: 289.324 Executing VM operation: ChangeSingleStep
Event: 289.324 Executing VM operation: ChangeSingleStep done
Event: 289.324 Executing VM operation: ChangeSingleStep
Event: 289.324 Executing VM operation: ChangeSingleStep done


Dynamic libraries:
0x0000000003d9b000 	/System/Library/Frameworks/Cocoa.framework/Versions/A/Cocoa
0x0000000003d9b000 	/System/Library/Frameworks/Security.framework/Versions/A/Security
0x0000000003d9b000 	/System/Library/Frameworks/ApplicationServices.framework/Versions/A/ApplicationServices
0x0000000003d9b000 	/usr/lib/libz.1.dylib
0x0000000003d9b000 	/usr/lib/libSystem.B.dylib
0x0000000003d9b000 	/usr/lib/libobjc.A.dylib
0x0000000003d9b000 	/System/Library/Frameworks/CoreFoundation.framework/Versions/A/CoreFoundation
0x0000000003d9b000 	/System/Library/Frameworks/Foundation.framework/Versions/C/Foundation
0x0000000003d9b000 	/System/Library/Frameworks/AppKit.framework/Versions/C/AppKit
0x0000000003d9b000 	/System/Library/Frameworks/CoreData.framework/Versions/A/CoreData
0x0000000003d9b000 	/System/Library/PrivateFrameworks/RemoteViewServices.framework/Versions/A/RemoteViewServices
0x0000000003d9b000 	/System/Library/PrivateFrameworks/UIFoundation.framework/Versions/A/UIFoundation
0x0000000003d9b000 	/usr/lib/libScreenReader.dylib
0x0000000003d9b000 	/System/Library/Frameworks/Accelerate.framework/Versions/A/Accelerate
0x0000000003d9b000 	/System/Library/Frameworks/IOSurface.framework/Versions/A/IOSurface
0x0000000003d9b000 	/System/Library/Frameworks/AudioToolbox.framework/Versions/A/AudioToolbox
0x0000000003d9b000 	/System/Library/Frameworks/AudioUnit.framework/Versions/A/AudioUnit
0x0000000003d9b000 	/System/Library/PrivateFrameworks/DataDetectorsCore.framework/Versions/A/DataDetectorsCore
0x0000000003d9b000 	/System/Library/PrivateFrameworks/DesktopServicesPriv.framework/Versions/A/DesktopServicesPriv
0x0000000003d9b000 	/System/Library/Frameworks/Carbon.framework/Versions/A/Frameworks/HIToolbox.framework/Versions/A/HIToolbox
0x0000000003d9b000 	/System/Library/Frameworks/QuartzCore.framework/Versions/A/QuartzCore
0x0000000003d9b000 	/System/Library/Frameworks/Carbon.framework/Versions/A/Frameworks/SpeechRecognition.framework/Versions/A/SpeechRecognition
0x0000000003d9b000 	/usr/lib/libauto.dylib
0x0000000003d9b000 	/usr/lib/libicucore.A.dylib
0x0000000003d9b000 	/usr/lib/libxml2.2.dylib
0x0000000003d9b000 	/System/Library/PrivateFrameworks/CoreUI.framework/Versions/A/CoreUI
0x0000000003d9b000 	/System/Library/Frameworks/CoreAudio.framework/Versions/A/CoreAudio
0x0000000003d9b000 	/System/Library/Frameworks/DiskArbitration.framework/Versions/A/DiskArbitration
0x0000000003d9b000 	/usr/lib/liblangid.dylib
0x0000000003d9b000 	/System/Library/PrivateFrameworks/MultitouchSupport.framework/Versions/A/MultitouchSupport
0x0000000003d9b000 	/System/Library/Frameworks/IOKit.framework/Versions/A/IOKit
0x0000000003d9b000 	/usr/lib/libDiagnosticMessagesClient.dylib
0x0000000003d9b000 	/System/Library/Frameworks/CoreServices.framework/Versions/A/CoreServices
0x0000000003d9b000 	/System/Library/PrivateFrameworks/PerformanceAnalysis.framework/Versions/A/PerformanceAnalysis
0x0000000003d9b000 	/System/Library/PrivateFrameworks/GenerationalStorage.framework/Versions/A/GenerationalStorage
0x0000000003d9b000 	/System/Library/Frameworks/OpenGL.framework/Versions/A/OpenGL
0x0000000003d9b000 	/System/Library/PrivateFrameworks/Sharing.framework/Versions/A/Sharing
0x0000000003d9b000 	/System/Library/Frameworks/CoreGraphics.framework/Versions/A/CoreGraphics
0x0000000003d9b000 	/System/Library/Frameworks/CoreImage.framework/Versions/A/CoreImage
0x0000000003d9b000 	/System/Library/Frameworks/CoreText.framework/Versions/A/CoreText
0x0000000003d9b000 	/System/Library/Frameworks/ImageIO.framework/Versions/A/ImageIO
0x0000000003d9b000 	/System/Library/PrivateFrameworks/Backup.framework/Versions/A/Backup
0x0000000003d9b000 	/usr/lib/libextension.dylib
0x0000000003d9b000 	/usr/lib/libarchive.2.dylib
0x0000000003d9b000 	/System/Library/Frameworks/CFNetwork.framework/Versions/A/CFNetwork
0x0000000003d9b000 	/System/Library/Frameworks/SystemConfiguration.framework/Versions/A/SystemConfiguration
0x0000000003d9b000 	/usr/lib/libCRFSuite.dylib
0x0000000003d9b000 	/usr/lib/libc++.1.dylib
0x0000000003d9b000 	/usr/lib/libc++abi.dylib
0x0000000003d9b000 	/usr/lib/system/libcache.dylib
0x0000000003d9b000 	/usr/lib/system/libcommonCrypto.dylib
0x0000000003d9b000 	/usr/lib/system/libcompiler_rt.dylib
0x0000000003d9b000 	/usr/lib/system/libcopyfile.dylib
0x0000000003d9b000 	/usr/lib/system/libcorecrypto.dylib
0x0000000003d9b000 	/usr/lib/system/libdispatch.dylib
0x0000000003d9b000 	/usr/lib/system/libdyld.dylib
0x0000000003d9b000 	/usr/lib/system/libkeymgr.dylib
0x0000000003d9b000 	/usr/lib/system/liblaunch.dylib
0x0000000003d9b000 	/usr/lib/system/libmacho.dylib
0x0000000003d9b000 	/usr/lib/system/libquarantine.dylib
0x0000000003d9b000 	/usr/lib/system/libremovefile.dylib
0x0000000003d9b000 	/usr/lib/system/libsystem_asl.dylib
0x0000000003d9b000 	/usr/lib/system/libsystem_blocks.dylib
0x0000000003d9b000 	/usr/lib/system/libsystem_c.dylib
0x0000000003d9b000 	/usr/lib/system/libsystem_configuration.dylib
0x0000000003d9b000 	/usr/lib/system/libsystem_coreservices.dylib
0x0000000003d9b000 	/usr/lib/system/libsystem_coretls.dylib
0x0000000003d9b000 	/usr/lib/system/libsystem_dnssd.dylib
0x0000000003d9b000 	/usr/lib/system/libsystem_info.dylib
0x0000000003d9b000 	/usr/lib/system/libsystem_kernel.dylib
0x0000000003d9b000 	/usr/lib/system/libsystem_m.dylib
0x0000000003d9b000 	/usr/lib/system/libsystem_malloc.dylib
0x0000000003d9b000 	/usr/lib/system/libsystem_network.dylib
0x0000000003d9b000 	/usr/lib/system/libsystem_networkextension.dylib
0x0000000003d9b000 	/usr/lib/system/libsystem_notify.dylib
0x0000000003d9b000 	/usr/lib/system/libsystem_platform.dylib
0x0000000003d9b000 	/usr/lib/system/libsystem_pthread.dylib
0x0000000003d9b000 	/usr/lib/system/libsystem_sandbox.dylib
0x0000000003d9b000 	/usr/lib/system/libsystem_secinit.dylib
0x0000000003d9b000 	/usr/lib/system/libsystem_trace.dylib
0x0000000003d9b000 	/usr/lib/system/libunc.dylib
0x0000000003d9b000 	/usr/lib/system/libunwind.dylib
0x0000000003d9b000 	/usr/lib/system/libxpc.dylib
0x0000000003d9b000 	/usr/lib/libenergytrace.dylib
0x0000000003d9b000 	/usr/lib/libbsm.0.dylib
0x0000000003d9b000 	/usr/lib/system/libkxld.dylib
0x0000000003d9b000 	/usr/lib/libxar.1.dylib
0x0000000003d9b000 	/usr/lib/libsqlite3.dylib
0x0000000003d9b000 	/usr/lib/libpam.2.dylib
0x0000000003d9b000 	/usr/lib/libOpenScriptingUtil.dylib
0x0000000003d9b000 	/usr/lib/libbz2.1.0.dylib
0x0000000003d9b000 	/usr/lib/liblzma.5.dylib
0x0000000003d9b000 	/System/Library/Frameworks/CoreServices.framework/Versions/A/Frameworks/FSEvents.framework/Versions/A/FSEvents
0x0000000003d9b000 	/System/Library/Frameworks/CoreServices.framework/Versions/A/Frameworks/CarbonCore.framework/Versions/A/CarbonCore
0x0000000003d9b000 	/System/Library/Frameworks/CoreServices.framework/Versions/A/Frameworks/Metadata.framework/Versions/A/Metadata
0x0000000003d9b000 	/System/Library/Frameworks/CoreServices.framework/Versions/A/Frameworks/OSServices.framework/Versions/A/OSServices
0x0000000003d9b000 	/System/Library/Frameworks/CoreServices.framework/Versions/A/Frameworks/SearchKit.framework/Versions/A/SearchKit
0x0000000003d9b000 	/System/Library/Frameworks/CoreServices.framework/Versions/A/Frameworks/AE.framework/Versions/A/AE
0x0000000003d9b000 	/System/Library/Frameworks/CoreServices.framework/Versions/A/Frameworks/LaunchServices.framework/Versions/A/LaunchServices
0x0000000003d9b000 	/System/Library/Frameworks/CoreServices.framework/Versions/A/Frameworks/DictionaryServices.framework/Versions/A/DictionaryServices
0x0000000003d9b000 	/System/Library/Frameworks/CoreServices.framework/Versions/A/Frameworks/SharedFileList.framework/Versions/A/SharedFileList
0x0000000003d9b000 	/System/Library/Frameworks/NetFS.framework/Versions/A/NetFS
0x0000000003d9b000 	/System/Library/PrivateFrameworks/NetAuth.framework/Versions/A/NetAuth
0x0000000003d9b000 	/System/Library/PrivateFrameworks/login.framework/Versions/A/Frameworks/loginsupport.framework/Versions/A/loginsupport
0x0000000003d9b000 	/System/Library/PrivateFrameworks/TCC.framework/Versions/A/TCC
0x0000000003d9b000 	/usr/lib/libmecabra.dylib
0x0000000003d9b000 	/System/Library/Frameworks/ApplicationServices.framework/Versions/A/Frameworks/ATS.framework/Versions/A/ATS
0x0000000003d9b000 	/System/Library/Frameworks/ApplicationServices.framework/Versions/A/Frameworks/ColorSync.framework/Versions/A/ColorSync
0x0000000003d9b000 	/System/Library/Frameworks/ApplicationServices.framework/Versions/A/Frameworks/HIServices.framework/Versions/A/HIServices
0x0000000003d9b000 	/System/Library/Frameworks/ApplicationServices.framework/Versions/A/Frameworks/LangAnalysis.framework/Versions/A/LangAnalysis
0x0000000003d9b000 	/System/Library/Frameworks/ApplicationServices.framework/Versions/A/Frameworks/PrintCore.framework/Versions/A/PrintCore
0x0000000003d9b000 	/System/Library/Frameworks/ApplicationServices.framework/Versions/A/Frameworks/QD.framework/Versions/A/QD
0x0000000003d9b000 	/System/Library/Frameworks/ApplicationServices.framework/Versions/A/Frameworks/SpeechSynthesis.framework/Versions/A/SpeechSynthesis
0x0000000003d9b000 	/System/Library/Frameworks/Metal.framework/Versions/A/Metal
0x0000000003d9b000 	/System/Library/Frameworks/Accelerate.framework/Versions/A/Frameworks/vImage.framework/Versions/A/vImage
0x0000000003d9b000 	/System/Library/Frameworks/Accelerate.framework/Versions/A/Frameworks/vecLib.framework/Versions/A/vecLib
0x0000000003d9b000 	/System/Library/Frameworks/Accelerate.framework/Versions/A/Frameworks/vecLib.framework/Versions/A/libvDSP.dylib
0x0000000003d9b000 	/System/Library/Frameworks/Accelerate.framework/Versions/A/Frameworks/vecLib.framework/Versions/A/libvMisc.dylib
0x0000000003d9b000 	/System/Library/Frameworks/Accelerate.framework/Versions/A/Frameworks/vecLib.framework/Versions/A/libLAPACK.dylib
0x0000000003d9b000 	/System/Library/Frameworks/Accelerate.framework/Versions/A/Frameworks/vecLib.framework/Versions/A/libBLAS.dylib
0x0000000003d9b000 	/System/Library/Frameworks/Accelerate.framework/Versions/A/Frameworks/vecLib.framework/Versions/A/libLinearAlgebra.dylib
0x0000000003d9b000 	/System/Library/Frameworks/Accelerate.framework/Versions/A/Frameworks/vecLib.framework/Versions/A/libSparseBLAS.dylib
0x0000000003d9b000 	/System/Library/PrivateFrameworks/GPUCompiler.framework/libmetal_timestamp.dylib
0x0000000003d9b000 	/System/Library/Frameworks/OpenGL.framework/Versions/A/Libraries/libCoreFSCache.dylib
0x0000000003d9b000 	/System/Library/PrivateFrameworks/IOAccelerator.framework/Versions/A/IOAccelerator
0x0000000003d9b000 	/System/Library/Frameworks/ApplicationServices.framework/Versions/A/Frameworks/ATS.framework/Versions/A/Resources/libFontParser.dylib
0x0000000003d9b000 	/System/Library/Frameworks/ApplicationServices.framework/Versions/A/Frameworks/ATS.framework/Versions/A/Resources/libFontRegistry.dylib
0x0000000003d9b000 	/System/Library/PrivateFrameworks/AppleVPA.framework/Versions/A/AppleVPA
0x0000000003d9b000 	/System/Library/PrivateFrameworks/AppleJPEG.framework/Versions/A/AppleJPEG
0x0000000003d9b000 	/System/Library/Frameworks/ImageIO.framework/Versions/A/Resources/libJPEG.dylib
0x0000000003d9b000 	/System/Library/Frameworks/ImageIO.framework/Versions/A/Resources/libTIFF.dylib
0x0000000003d9b000 	/System/Library/Frameworks/ImageIO.framework/Versions/A/Resources/libPng.dylib
0x0000000003d9b000 	/System/Library/Frameworks/ImageIO.framework/Versions/A/Resources/libGIF.dylib
0x0000000003d9b000 	/System/Library/Frameworks/ImageIO.framework/Versions/A/Resources/libJP2.dylib
0x0000000003d9b000 	/System/Library/Frameworks/ImageIO.framework/Versions/A/Resources/libRadiance.dylib
0x0000000003d9b000 	/System/Library/Frameworks/CoreVideo.framework/Versions/A/CoreVideo
0x0000000003d9b000 	/System/Library/Frameworks/OpenGL.framework/Versions/A/Libraries/libGLU.dylib
0x0000000003d9b000 	/System/Library/Frameworks/OpenGL.framework/Versions/A/Libraries/libGFXShared.dylib
0x0000000003d9b000 	/System/Library/Frameworks/OpenGL.framework/Versions/A/Libraries/libGL.dylib
0x0000000003d9b000 	/System/Library/Frameworks/OpenGL.framework/Versions/A/Libraries/libGLImage.dylib
0x0000000003d9b000 	/System/Library/Frameworks/OpenGL.framework/Versions/A/Libraries/libCVMSPluginSupport.dylib
0x0000000003d9b000 	/System/Library/Frameworks/OpenGL.framework/Versions/A/Libraries/libCoreVMClient.dylib
0x0000000003d9b000 	/usr/lib/libcompression.dylib
0x0000000003d9b000 	/usr/lib/libcups.2.dylib
0x0000000003d9b000 	/System/Library/Frameworks/Kerberos.framework/Versions/A/Kerberos
0x0000000003d9b000 	/System/Library/Frameworks/GSS.framework/Versions/A/GSS
0x0000000003d9b000 	/usr/lib/libresolv.9.dylib
0x0000000003d9b000 	/usr/lib/libiconv.2.dylib
0x0000000003d9b000 	/System/Library/PrivateFrameworks/Heimdal.framework/Versions/A/Heimdal
0x0000000003d9b000 	/usr/lib/libheimdal-asn1.dylib
0x0000000003d9b000 	/System/Library/Frameworks/OpenDirectory.framework/Versions/A/OpenDirectory
0x0000000003d9b000 	/System/Library/PrivateFrameworks/CommonAuth.framework/Versions/A/CommonAuth
0x0000000003d9b000 	/System/Library/Frameworks/OpenDirectory.framework/Versions/A/Frameworks/CFOpenDirectory.framework/Versions/A/CFOpenDirectory
0x0000000003d9b000 	/System/Library/Frameworks/SecurityFoundation.framework/Versions/A/SecurityFoundation
0x0000000003d9b000 	/System/Library/PrivateFrameworks/LanguageModeling.framework/Versions/A/LanguageModeling
0x0000000003d9b000 	/usr/lib/libmarisa.dylib
0x0000000003d9b000 	/usr/lib/libChineseTokenizer.dylib
0x0000000003d9b000 	/usr/lib/libcmph.dylib
0x0000000003d9b000 	/System/Library/Frameworks/ServiceManagement.framework/Versions/A/ServiceManagement
0x0000000003d9b000 	/usr/lib/libxslt.1.dylib
0x0000000003d9b000 	/System/Library/Frameworks/Carbon.framework/Versions/A/Frameworks/Ink.framework/Versions/A/Ink
0x0000000003d9b000 	/usr/lib/libFosl_dynamic.dylib
0x0000000003d9b000 	/System/Library/PrivateFrameworks/FaceCore.framework/Versions/A/FaceCore
0x0000000003d9b000 	/System/Library/Frameworks/OpenCL.framework/Versions/A/OpenCL
0x0000000003d9b000 	/System/Library/PrivateFrameworks/CrashReporterSupport.framework/Versions/A/CrashReporterSupport
0x0000000003d9b000 	/System/Library/PrivateFrameworks/IconServices.framework/Versions/A/IconServices
0x0000000003d9b000 	/System/Library/PrivateFrameworks/Apple80211.framework/Versions/A/Apple80211
0x0000000003d9b000 	/System/Library/Frameworks/CoreWLAN.framework/Versions/A/CoreWLAN
0x0000000003d9b000 	/System/Library/Frameworks/IOBluetooth.framework/Versions/A/IOBluetooth
0x0000000003d9b000 	/System/Library/PrivateFrameworks/CoreWiFi.framework/Versions/A/CoreWiFi
0x0000000003d9b000 	/System/Library/Frameworks/CoreBluetooth.framework/Versions/A/CoreBluetooth
0x0000000003d9b000 	/System/Library/PrivateFrameworks/ChunkingLibrary.framework/Versions/A/ChunkingLibrary
0x0000000003d9b000 	/System/Library/PrivateFrameworks/DebugSymbols.framework/Versions/A/DebugSymbols
0x0000000003d9b000 	/System/Library/PrivateFrameworks/CoreSymbolication.framework/Versions/A/CoreSymbolication
0x0000000003d9b000 	/System/Library/PrivateFrameworks/Symbolication.framework/Versions/A/Symbolication
0x0000000003d9b000 	/System/Library/PrivateFrameworks/SpeechRecognitionCore.framework/Versions/A/SpeechRecognitionCore
0x0000000102a00000 	/Library/Java/JavaVirtualMachines/jdk1.8.0_77.jdk/Contents/Home/jre/lib/server/libjvm.dylib
0x0000000003d9b000 	/usr/lib/libstdc++.6.dylib
0x00000001020c7000 	/Library/Java/JavaVirtualMachines/jdk1.8.0_77.jdk/Contents/Home/jre/lib/libverify.dylib
0x00000001020d5000 	/Library/Java/JavaVirtualMachines/jdk1.8.0_77.jdk/Contents/Home/jre/lib/libjava.dylib
0x000000010210b000 	/Library/Java/JavaVirtualMachines/jdk1.8.0_77.jdk/Contents/Home/jre/lib/libjdwp.dylib
0x0000000102156000 	/Library/Java/JavaVirtualMachines/jdk1.8.0_77.jdk/Contents/Home/jre/lib/libnpt.dylib
0x0000000102163000 	/Library/Java/JavaVirtualMachines/jdk1.8.0_77.jdk/Contents/Home/jre/lib/libzip.dylib
0x0000000119261000 	/System/Library/Frameworks/JavaVM.framework/Frameworks/JavaRuntimeSupport.framework/JavaRuntimeSupport
0x000000011927c000 	/System/Library/Frameworks/JavaVM.framework/Versions/A/Frameworks/JavaNativeFoundation.framework/Versions/A/JavaNativeFoundation
0x0000000119291000 	/System/Library/Frameworks/JavaVM.framework/Versions/A/JavaVM
0x0000000003d9b000 	/System/Library/Frameworks/Carbon.framework/Versions/A/Carbon
0x000000011929e000 	/System/Library/PrivateFrameworks/JavaLaunching.framework/Versions/A/JavaLaunching
0x0000000003d9b000 	/System/Library/Frameworks/Carbon.framework/Versions/A/Frameworks/CommonPanels.framework/Versions/A/CommonPanels
0x0000000003d9b000 	/System/Library/Frameworks/Carbon.framework/Versions/A/Frameworks/Help.framework/Versions/A/Help
0x0000000003d9b000 	/System/Library/Frameworks/Carbon.framework/Versions/A/Frameworks/ImageCapture.framework/Versions/A/ImageCapture
0x0000000003d9b000 	/System/Library/Frameworks/Carbon.framework/Versions/A/Frameworks/OpenScripting.framework/Versions/A/OpenScripting
0x0000000003d9b000 	/System/Library/Frameworks/Carbon.framework/Versions/A/Frameworks/Print.framework/Versions/A/Print
0x0000000003d9b000 	/System/Library/Frameworks/Carbon.framework/Versions/A/Frameworks/SecurityHI.framework/Versions/A/SecurityHI
0x000000011abbe000 	/Library/Java/JavaVirtualMachines/jdk1.8.0_77.jdk/Contents/Home/jre/lib/libdt_socket.dylib
0x000000011abd1000 	/Library/Java/JavaVirtualMachines/jdk1.8.0_77.jdk/Contents/Home/jre/lib/libnet.dylib

VM Arguments:
jvm_args: -agentlib:jdwp=transport=dt_socket,suspend=y,address=localhost:50882 -Dfile.encoding=UTF-8 
java_command: org.eclipse.jdt.internal.junit.runner.RemoteTestRunner -version 3 -port 50881 -testLoaderClass org.eclipse.jdt.internal.junit4.runner.JUnit4TestLoader -loaderpluginname org.eclipse.jdt.junit4.runtime -classNames Tests.testReciclaje
java_class_path (initial): /Users/juanostroski/Documents/Eclipse/workspace/TP3_Reciclaje/bin:/Applications/Eclipse.app/Contents/Eclipse/plugins/org.junit_4.12.0.v201504281640/junit.jar:/Applications/Eclipse.app/Contents/Eclipse/plugins/org.hamcrest.core_1.3.0.v201303031735.jar:/Applications/Eclipse.app/Contents/Eclipse/configuration/org.eclipse.osgi/380/0/.cp/:/Applications/Eclipse.app/Contents/Eclipse/configuration/org.eclipse.osgi/379/0/.cp/
Launcher Type: SUN_STANDARD

Environment Variables:
PATH=/usr/bin:/bin:/usr/sbin:/sbin
SHELL=/bin/bash

Signal Handlers:
SIGSEGV: [libjvm.dylib+0x5a6855], sa_mask[0]=11111111011111110111111111111111, sa_flags=SA_ONSTACK|SA_RESTART|SA_SIGINFO
SIGBUS: [libjvm.dylib+0x5a6855], sa_mask[0]=11111111011111110111111111111111, sa_flags=SA_RESTART|SA_SIGINFO
SIGFPE: [libjvm.dylib+0x4804ec], sa_mask[0]=11111111011111110111111111111111, sa_flags=SA_RESTART|SA_SIGINFO
SIGPIPE: [libjvm.dylib+0x4804ec], sa_mask[0]=11111111011111110111111111111111, sa_flags=SA_RESTART|SA_SIGINFO
SIGXFSZ: [libjvm.dylib+0x4804ec], sa_mask[0]=11111111011111110111111111111111, sa_flags=SA_RESTART|SA_SIGINFO
SIGILL: [libjvm.dylib+0x4804ec], sa_mask[0]=11111111011111110111111111111111, sa_flags=SA_RESTART|SA_SIGINFO
SIGUSR1: SIG_DFL, sa_mask[0]=00000000000000000000000000000000, sa_flags=none
SIGUSR2: [libjvm.dylib+0x48000a], sa_mask[0]=00100000000000000000000000000000, sa_flags=SA_RESTART|SA_SIGINFO
SIGHUP: [libjvm.dylib+0x47e5e1], sa_mask[0]=11111111011111110111111111111111, sa_flags=SA_RESTART|SA_SIGINFO
SIGINT: [libjvm.dylib+0x47e5e1], sa_mask[0]=11111111011111110111111111111111, sa_flags=SA_RESTART|SA_SIGINFO
SIGTERM: [libjvm.dylib+0x47e5e1], sa_mask[0]=11111111011111110111111111111111, sa_flags=SA_RESTART|SA_SIGINFO
SIGQUIT: [libjvm.dylib+0x47e5e1], sa_mask[0]=11111111011111110111111111111111, sa_flags=SA_RESTART|SA_SIGINFO


---------------  S Y S T E M  ---------------

OS:Bsduname:Darwin 15.5.0 Darwin Kernel Version 15.5.0: Tue Apr 19 18:36:36 PDT 2016; root:xnu-3248.50.21~8/RELEASE_X86_64 x86_64
rlimit: STACK 8192k, CORE 0k, NPROC 709, NOFILE 10240, AS infinity
load average:2.71 2.12 1.96

CPU:total 4 (2 cores per cpu, 2 threads per core) family 6 model 61 stepping 4, cmov, cx8, fxsr, mmx, sse, sse2, sse3, ssse3, sse4.1, sse4.2, popcnt, avx, avx2, aes, clmul, erms, 3dnowpref, lzcnt, ht, tsc, tscinvbit, bmi1, bmi2, adx

Memory: 4k page, physical 8388608k(37452k free)

/proc/meminfo:


vm_info: Java HotSpot(TM) 64-Bit Server VM (25.77-b03) for bsd-amd64 JRE (1.8.0_77-b03), built on Mar 20 2016 22:14:03 by "java_re" with gcc 4.2.1 (Based on Apple Inc. build 5658) (LLVM build 2336.11.00)

time: Thu Aug 18 19:36:27 2016
elapsed time: 289 seconds (0d 0h 4m 49s)

